<?xml version="1.0" encoding="UTF-8"?>
<!-- Generated by org.testng.reporters.JUnitReportReporter -->
<testsuite hostname="LAPTOP-OLPA0MDN" failures="0" tests="1" name="orangeHRMGrid.Admin_PageDeleteTheRecordsFromResultTable" time="35.391" errors="0" timestamp="2021-07-23T17:35:10 IST" skipped="0">
  <testcase classname="orangeHRMGrid.Admin_PageDeleteTheRecordsFromResultTable" name="verifyDeleterecords" time="35.391"/>
  <system-out/>
</testsuite> <!-- orangeHRMGrid.Admin_PageDeleteTheRecordsFromResultTable -->
