<?xml version="1.0" encoding="UTF-8"?>
<!-- Generated by org.testng.reporters.JUnitReportReporter -->
<testsuite hostname="LAPTOP-OLPA0MDN" failures="0" tests="1" name="arunMGrid.TestSitewithTestNG" time="12.516" errors="0" timestamp="2021-07-23T11:36:22 IST" skipped="0">
  <testcase classname="arunMGrid.TestSitewithTestNG" name="TestA" time="12.516"/>
  <system-out/>
</testsuite> <!-- arunMGrid.TestSitewithTestNG -->
